<?xml version="1.0" encoding="UTF-8"?>
<testng-results ignored="0" total="8" passed="8" failed="0" skipped="0">
  <reporter-output>
  </reporter-output>
  <suite started-at="2025-03-31T10:31:50 MSK" name="All Test Suite" finished-at="2025-03-31T10:32:02 MSK" duration-ms="11738">
    <groups>
    </groups>
    <test started-at="2025-03-31T10:31:50 MSK" name="D:/aqa/ui-tests/example-selenium-testng" finished-at="2025-03-31T10:32:02 MSK" duration-ms="11738">
      <class name="org.example.test.ShopPageTest">
        <test-method is-config="true" signature="setUp()[pri:0, instance:org.example.test.ShopPageTest@5c33f1a9]" started-at="2025-03-31T10:31:56 MSK" name="setUp" finished-at="2025-03-31T10:31:59 MSK" duration-ms="3706" status="PASS">
          <reporter-output>
          </reporter-output>
        </test-method> <!-- setUp -->
        <test-method signature="checkDisplayingSuccessMessage(java.lang.String)[pri:0, instance:org.example.test.ShopPageTest@5c33f1a9]" started-at="2025-03-31T10:31:59 MSK" name="checkDisplayingSuccessMessage" description="Проверяем генерацию успешного сообщения" data-provider="sizeSuccessData" finished-at="2025-03-31T10:32:01 MSK" duration-ms="1136" status="PASS">
          <params>
            <param index="0">
              <value>
                <![CDATA[34]]>
              </value>
            </param>
          </params>
          <reporter-output>
          </reporter-output>
        </test-method> <!-- checkDisplayingSuccessMessage -->
        <test-method signature="checkDisplayingSuccessMessage(java.lang.String)[pri:0, instance:org.example.test.ShopPageTest@5c33f1a9]" started-at="2025-03-31T10:32:01 MSK" name="checkDisplayingSuccessMessage" description="Проверяем генерацию успешного сообщения" data-provider="sizeSuccessData" finished-at="2025-03-31T10:32:01 MSK" duration-ms="212" status="PASS">
          <params>
            <param index="0">
              <value>
                <![CDATA[44]]>
              </value>
            </param>
          </params>
          <reporter-output>
          </reporter-output>
        </test-method> <!-- checkDisplayingSuccessMessage -->
        <test-method signature="checkDisplayingSuccessMessage(java.lang.String)[pri:0, instance:org.example.test.ShopPageTest@5c33f1a9]" started-at="2025-03-31T10:32:01 MSK" name="checkDisplayingSuccessMessage" description="Проверяем генерацию успешного сообщения" data-provider="sizeSuccessData" finished-at="2025-03-31T10:32:01 MSK" duration-ms="173" status="PASS">
          <params>
            <param index="0">
              <value>
                <![CDATA[39]]>
              </value>
            </param>
          </params>
          <reporter-output>
          </reporter-output>
        </test-method> <!-- checkDisplayingSuccessMessage -->
        <test-method signature="checkDisplayingErrorMessage(java.lang.String)[pri:0, instance:org.example.test.ShopPageTest@5c33f1a9]" started-at="2025-03-31T10:32:01 MSK" name="checkDisplayingErrorMessage" description="Проверяем генерацию неуспешного сообщения" data-provider="sizeErrorData" finished-at="2025-03-31T10:32:01 MSK" duration-ms="179" status="PASS">
          <params>
            <param index="0">
              <value>
                <![CDATA[33]]>
              </value>
            </param>
          </params>
          <reporter-output>
          </reporter-output>
        </test-method> <!-- checkDisplayingErrorMessage -->
        <test-method signature="checkDisplayingErrorMessage(java.lang.String)[pri:0, instance:org.example.test.ShopPageTest@5c33f1a9]" started-at="2025-03-31T10:32:01 MSK" name="checkDisplayingErrorMessage" description="Проверяем генерацию неуспешного сообщения" data-provider="sizeErrorData" finished-at="2025-03-31T10:32:01 MSK" duration-ms="186" status="PASS">
          <params>
            <param index="0">
              <value>
                <![CDATA[45]]>
              </value>
            </param>
          </params>
          <reporter-output>
          </reporter-output>
        </test-method> <!-- checkDisplayingErrorMessage -->
        <test-method signature="checkDisplayingErrorMessage(java.lang.String)[pri:0, instance:org.example.test.ShopPageTest@5c33f1a9]" started-at="2025-03-31T10:32:01 MSK" name="checkDisplayingErrorMessage" description="Проверяем генерацию неуспешного сообщения" data-provider="sizeErrorData" finished-at="2025-03-31T10:32:01 MSK" duration-ms="177" status="PASS">
          <params>
            <param index="0">
              <value>
                <![CDATA[-34]]>
              </value>
            </param>
          </params>
          <reporter-output>
          </reporter-output>
        </test-method> <!-- checkDisplayingErrorMessage -->
        <test-method is-config="true" signature="tearDown()[pri:0, instance:org.example.test.ShopPageTest@5c33f1a9]" started-at="2025-03-31T10:32:01 MSK" name="tearDown" finished-at="2025-03-31T10:32:02 MSK" duration-ms="359" status="PASS">
          <reporter-output>
          </reporter-output>
        </test-method> <!-- tearDown -->
      </class> <!-- org.example.test.ShopPageTest -->
      <class name="org.example.test.HelloPageTest">
        <test-method is-config="true" signature="setUp()[pri:0, instance:org.example.test.HelloPageTest@158d2680]" started-at="2025-03-31T10:31:50 MSK" name="setUp" finished-at="2025-03-31T10:31:54 MSK" duration-ms="4045" status="PASS">
          <reporter-output>
          </reporter-output>
        </test-method> <!-- setUp -->
        <test-method signature="checkDisplayingCorrectMessage(java.lang.String,java.lang.String)[pri:0, instance:org.example.test.HelloPageTest@158d2680]" started-at="2025-03-31T10:31:54 MSK" name="checkDisplayingCorrectMessage" description="Проверяем генерацию информационного сообщения" data-provider="nameData" finished-at="2025-03-31T10:31:55 MSK" duration-ms="1035" status="PASS">
          <params>
            <param index="0">
              <value>
                <![CDATA[]]>
              </value>
            </param>
            <param index="1">
              <value>
                <![CDATA[Привет, !]]>
              </value>
            </param>
          </params>
          <reporter-output>
          </reporter-output>
        </test-method> <!-- checkDisplayingCorrectMessage -->
        <test-method signature="checkDisplayingCorrectMessage(java.lang.String,java.lang.String)[pri:0, instance:org.example.test.HelloPageTest@158d2680]" started-at="2025-03-31T10:31:55 MSK" name="checkDisplayingCorrectMessage" description="Проверяем генерацию информационного сообщения" data-provider="nameData" finished-at="2025-03-31T10:31:55 MSK" duration-ms="135" status="PASS">
          <params>
            <param index="0">
              <value>
                <![CDATA[Name]]>
              </value>
            </param>
            <param index="1">
              <value>
                <![CDATA[Привет, Name!]]>
              </value>
            </param>
          </params>
          <reporter-output>
          </reporter-output>
        </test-method> <!-- checkDisplayingCorrectMessage -->
        <test-method is-config="true" signature="tearDown()[pri:0, instance:org.example.test.HelloPageTest@158d2680]" started-at="2025-03-31T10:31:55 MSK" name="tearDown" finished-at="2025-03-31T10:31:56 MSK" duration-ms="342" status="PASS">
          <reporter-output>
          </reporter-output>
        </test-method> <!-- tearDown -->
      </class> <!-- org.example.test.HelloPageTest -->
    </test> <!-- D:/aqa/ui-tests/example-selenium-testng -->
  </suite> <!-- All Test Suite -->
</testng-results>
