<?xml version="1.0" encoding="UTF-8"?>
<testsuite xmlns:xsi="http://www.w3.org/2001/XMLSchema-instance" xsi:noNamespaceSchemaLocation="https://maven.apache.org/surefire/maven-surefire-plugin/xsd/surefire-test-report.xsd" version="3.0.2" name="TestSuite" time="12.361" tests="8" errors="0" skipped="0" failures="0">
  <properties>
[...]
</properties>
  <testcase name="checkDisplayingCorrectMessage[, Привет, !](1)" classname="org.example.test.HelloPageTest" time="1.038">
    <system-err><![CDATA[SLF4J(W): No SLF4J providers were found.
SLF4J(W): Defaulting to no-operation (NOP) logger implementation
SLF4J(W): See https://www.slf4j.org/codes.html#noProviders for further details.
мар. 31, 2025 10:31:51 AM org.openqa.selenium.devtools.CdpVersionFinder findNearestMatch
WARNING: Unable to find an exact match for CDP version 134, returning the closest version; found: 133; Please update to a Selenium version that supports CDP version 134
]]></system-err>
  </testcase>
  <testcase name="checkDisplayingCorrectMessage[Name, Привет, Name!](2)" classname="org.example.test.HelloPageTest" time="0.134"/>
  <testcase name="checkDisplayingSuccessMessage[34](1)" classname="org.example.test.ShopPageTest" time="1.135">
    <system-err><![CDATA[мар. 31, 2025 10:31:57 AM org.openqa.selenium.devtools.CdpVersionFinder findNearestMatch
WARNING: Unable to find an exact match for CDP version 134, returning the closest version; found: 133; Please update to a Selenium version that supports CDP version 134
]]></system-err>
  </testcase>
  <testcase name="checkDisplayingSuccessMessage[44](2)" classname="org.example.test.ShopPageTest" time="0.211"/>
  <testcase name="checkDisplayingSuccessMessage[39](3)" classname="org.example.test.ShopPageTest" time="0.173"/>
  <testcase name="checkDisplayingErrorMessage[33](1)" classname="org.example.test.ShopPageTest" time="0.179"/>
  <testcase name="checkDisplayingErrorMessage[45](2)" classname="org.example.test.ShopPageTest" time="0.186"/>
  <testcase name="checkDisplayingErrorMessage[-34](3)" classname="org.example.test.ShopPageTest" time="0.177"/>
</testsuite>